<?xml version="1.0" encoding="UTF-8"?>
<testng-results skipped="0" failed="2" ignored="1" total="10" passed="7">
  <reporter-output>
  </reporter-output>
  <suite name="trcrm app-Regression suite" duration-ms="275485" started-at="2023-01-01T12:41:16Z" finished-at="2023-01-01T12:45:52Z">
    <groups>
    </groups>
    <test name="Login Page Test" duration-ms="70127" started-at="2023-01-01T12:41:16Z" finished-at="2023-01-01T12:42:26Z">
      <class name="com.qa.trcrm.tests.LoginPageTest">
        <test-method status="PASS" signature="setUp()[pri:0, instance:com.qa.trcrm.tests.LoginPageTest@1e9d7366]" name="setUp" is-config="true" duration-ms="30430" started-at="2023-01-01T12:41:22Z" finished-at="2023-01-01T12:41:53Z">
          <reporter-output>
          </reporter-output>
        </test-method> <!-- setUp -->
        <test-method status="PASS" signature="verifyLoginPageTitleTest()[pri:1, instance:com.qa.trcrm.tests.LoginPageTest@1e9d7366]" name="verifyLoginPageTitleTest" duration-ms="159" started-at="2023-01-01T12:41:53Z" description="verify Login Page Title is correct or not" finished-at="2023-01-01T12:41:53Z">
          <reporter-output>
          </reporter-output>
        </test-method> <!-- verifyLoginPageTitleTest -->
        <test-method status="FAIL" signature="verifySignUpNowLinkTest()[pri:2, instance:com.qa.trcrm.tests.LoginPageTest@1e9d7366]" name="verifySignUpNowLinkTest" duration-ms="1122" started-at="2023-01-01T12:41:53Z" description="verify SignUp Link is correct or not" finished-at="2023-01-01T12:41:54Z">
          <exception class="java.lang.NullPointerException">
            <full-stacktrace>
              <![CDATA[java.lang.NullPointerException
at com.qa.trcrm.utils.ElementUtil.isDisplayed(ElementUtil.java:42)
at com.qa.trcrm.pages.LoginPage.signUpNowLink(LoginPage.java:37)
at com.qa.trcrm.tests.LoginPageTest.verifySignUpNowLinkTest(LoginPageTest.java:57)
at sun.reflect.NativeMethodAccessorImpl.invoke0(Native Method)
at sun.reflect.NativeMethodAccessorImpl.invoke(Unknown Source)
at sun.reflect.DelegatingMethodAccessorImpl.invoke(Unknown Source)
at java.lang.reflect.Method.invoke(Unknown Source)
at org.testng.internal.MethodInvocationHelper.invokeMethod(MethodInvocationHelper.java:124)
at org.testng.internal.Invoker.invokeMethod(Invoker.java:583)
at org.testng.internal.Invoker.invokeTestMethod(Invoker.java:719)
at org.testng.internal.Invoker.invokeTestMethods(Invoker.java:989)
at org.testng.internal.TestMethodWorker.invokeTestMethods(TestMethodWorker.java:125)
at org.testng.internal.TestMethodWorker.run(TestMethodWorker.java:109)
at org.testng.TestRunner.privateRun(TestRunner.java:648)
at org.testng.TestRunner.run(TestRunner.java:505)
at org.testng.SuiteRunner.runTest(SuiteRunner.java:455)
at org.testng.SuiteRunner.runSequentially(SuiteRunner.java:450)
at org.testng.SuiteRunner.privateRun(SuiteRunner.java:415)
at org.testng.SuiteRunner.run(SuiteRunner.java:364)
at org.testng.SuiteRunnerWorker.runSuite(SuiteRunnerWorker.java:52)
at org.testng.SuiteRunnerWorker.run(SuiteRunnerWorker.java:84)
at org.testng.TestNG.runSuitesSequentially(TestNG.java:1208)
at org.testng.TestNG.runSuitesLocally(TestNG.java:1137)
at org.testng.TestNG.runSuites(TestNG.java:1049)
at org.testng.TestNG.run(TestNG.java:1017)
at org.testng.remote.AbstractRemoteTestNG.run(AbstractRemoteTestNG.java:115)
at org.testng.remote.RemoteTestNG.initAndRun(RemoteTestNG.java:251)
at org.testng.remote.RemoteTestNG.main(RemoteTestNG.java:77)
]]>
            </full-stacktrace>
          </exception> <!-- java.lang.NullPointerException -->
          <reporter-output>
          </reporter-output>
        </test-method> <!-- verifySignUpNowLinkTest -->
        <test-method status="PASS" signature="loginTest()[pri:3, instance:com.qa.trcrm.tests.LoginPageTest@1e9d7366]" name="loginTest" duration-ms="21374" started-at="2023-01-01T12:42:02Z" description="verify login feature" finished-at="2023-01-01T12:42:23Z">
          <reporter-output>
          </reporter-output>
        </test-method> <!-- loginTest -->
        <test-method status="PASS" signature="tearDown()[pri:0, instance:com.qa.trcrm.tests.LoginPageTest@1e9d7366]" name="tearDown" is-config="true" duration-ms="2730" started-at="2023-01-01T12:42:23Z" finished-at="2023-01-01T12:42:26Z">
          <reporter-output>
          </reporter-output>
        </test-method> <!-- tearDown -->
      </class> <!-- com.qa.trcrm.tests.LoginPageTest -->
    </test> <!-- Login Page Test -->
    <test name="Home Page Test" duration-ms="24708" started-at="2023-01-01T12:42:29Z" finished-at="2023-01-01T12:42:54Z">
      <class name="com.qa.trcrm.tests.HomePageTest">
        <test-method status="PASS" signature="beforeTest()[pri:0, instance:com.qa.trcrm.tests.HomePageTest@602a3237]" name="beforeTest" is-config="true" duration-ms="23161" started-at="2023-01-01T12:42:29Z" finished-at="2023-01-01T12:42:53Z">
          <reporter-output>
          </reporter-output>
        </test-method> <!-- beforeTest -->
        <test-method status="PASS" signature="verifyHomePageTitleTest()[pri:1, instance:com.qa.trcrm.tests.HomePageTest@602a3237]" name="verifyHomePageTitleTest" duration-ms="30" started-at="2023-01-01T12:42:53Z" finished-at="2023-01-01T12:42:53Z">
          <reporter-output>
          </reporter-output>
        </test-method> <!-- verifyHomePageTitleTest -->
        <test-method status="PASS" signature="verifyLoggedInUserTest()[pri:2, instance:com.qa.trcrm.tests.HomePageTest@602a3237]" name="verifyLoggedInUserTest" duration-ms="183" started-at="2023-01-01T12:42:53Z" finished-at="2023-01-01T12:42:53Z">
          <reporter-output>
          </reporter-output>
        </test-method> <!-- verifyLoggedInUserTest -->
        <test-method status="PASS" signature="verifyHomePageHeaderTest()[pri:3, instance:com.qa.trcrm.tests.HomePageTest@602a3237]" name="verifyHomePageHeaderTest" duration-ms="138" started-at="2023-01-01T12:42:53Z" finished-at="2023-01-01T12:42:53Z">
          <reporter-output>
          </reporter-output>
        </test-method> <!-- verifyHomePageHeaderTest -->
        <test-method status="PASS" signature="afterTest()[pri:0, instance:com.qa.trcrm.tests.HomePageTest@602a3237]" name="afterTest" is-config="true" duration-ms="1058" started-at="2023-01-01T12:42:53Z" finished-at="2023-01-01T12:42:54Z">
          <reporter-output>
          </reporter-output>
        </test-method> <!-- afterTest -->
      </class> <!-- com.qa.trcrm.tests.HomePageTest -->
    </test> <!-- Home Page Test -->
    <test name="Contacts Page Test" duration-ms="177141" started-at="2023-01-01T12:42:54Z" finished-at="2023-01-01T12:45:52Z">
      <class name="com.qa.trcrm.tests.ContactsPageTest">
        <test-method status="PASS" signature="setUp()[pri:0, instance:com.qa.trcrm.tests.ContactsPageTest@c677d7e]" name="setUp" is-config="true" duration-ms="41226" started-at="2023-01-01T12:42:54Z" finished-at="2023-01-01T12:43:36Z">
          <reporter-output>
          </reporter-output>
        </test-method> <!-- setUp -->
        <test-method status="FAIL" signature="verifyContactpageHeaderTest()[pri:1, instance:com.qa.trcrm.tests.ContactsPageTest@c677d7e]" name="verifyContactpageHeaderTest" duration-ms="209" started-at="2023-01-01T12:43:36Z" finished-at="2023-01-01T12:43:36Z">
          <exception class="java.lang.AssertionError">
            <message>
              <![CDATA[expected [Contacts] but found [!]]]>
            </message>
            <full-stacktrace>
              <![CDATA[java.lang.AssertionError: expected [Contacts] but found [!]
at org.testng.Assert.fail(Assert.java:96)
at org.testng.Assert.failNotEquals(Assert.java:776)
at org.testng.Assert.assertEqualsImpl(Assert.java:137)
at org.testng.Assert.assertEquals(Assert.java:118)
at org.testng.Assert.assertEquals(Assert.java:453)
at org.testng.Assert.assertEquals(Assert.java:463)
at com.qa.trcrm.tests.ContactsPageTest.verifyContactpageHeaderTest(ContactsPageTest.java:59)
at sun.reflect.NativeMethodAccessorImpl.invoke0(Native Method)
at sun.reflect.NativeMethodAccessorImpl.invoke(Unknown Source)
at sun.reflect.DelegatingMethodAccessorImpl.invoke(Unknown Source)
at java.lang.reflect.Method.invoke(Unknown Source)
at org.testng.internal.MethodInvocationHelper.invokeMethod(MethodInvocationHelper.java:124)
at org.testng.internal.Invoker.invokeMethod(Invoker.java:583)
at org.testng.internal.Invoker.invokeTestMethod(Invoker.java:719)
at org.testng.internal.Invoker.invokeTestMethods(Invoker.java:989)
at org.testng.internal.TestMethodWorker.invokeTestMethods(TestMethodWorker.java:125)
at org.testng.internal.TestMethodWorker.run(TestMethodWorker.java:109)
at org.testng.TestRunner.privateRun(TestRunner.java:648)
at org.testng.TestRunner.run(TestRunner.java:505)
at org.testng.SuiteRunner.runTest(SuiteRunner.java:455)
at org.testng.SuiteRunner.runSequentially(SuiteRunner.java:450)
at org.testng.SuiteRunner.privateRun(SuiteRunner.java:415)
at org.testng.SuiteRunner.run(SuiteRunner.java:364)
at org.testng.SuiteRunnerWorker.runSuite(SuiteRunnerWorker.java:52)
at org.testng.SuiteRunnerWorker.run(SuiteRunnerWorker.java:84)
at org.testng.TestNG.runSuitesSequentially(TestNG.java:1208)
at org.testng.TestNG.runSuitesLocally(TestNG.java:1137)
at org.testng.TestNG.runSuites(TestNG.java:1049)
at org.testng.TestNG.run(TestNG.java:1017)
at org.testng.remote.AbstractRemoteTestNG.run(AbstractRemoteTestNG.java:115)
at org.testng.remote.RemoteTestNG.initAndRun(RemoteTestNG.java:251)
at org.testng.remote.RemoteTestNG.main(RemoteTestNG.java:77)
]]>
            </full-stacktrace>
          </exception> <!-- java.lang.AssertionError -->
          <reporter-output>
          </reporter-output>
        </test-method> <!-- verifyContactpageHeaderTest -->
        <test-method status="PASS" signature="name()[pri:0, instance:com.qa.trcrm.tests.ContactsPageTest@c677d7e]" name="name" is-config="true" duration-ms="1223" started-at="2023-01-01T12:43:36Z" finished-at="2023-01-01T12:43:38Z">
          <reporter-output>
          </reporter-output>
        </test-method> <!-- name -->
        <test-method status="PASS" signature="setUp()[pri:0, instance:com.qa.trcrm.tests.ContactsPageTest@c677d7e]" name="setUp" is-config="true" duration-ms="25509" started-at="2023-01-01T12:43:42Z" finished-at="2023-01-01T12:44:08Z">
          <reporter-output>
          </reporter-output>
        </test-method> <!-- setUp -->
        <test-method status="PASS" signature="verifyAddPersonTest(java.lang.String, java.lang.String)[pri:2, instance:com.qa.trcrm.tests.ContactsPageTest@c677d7e]" name="verifyAddPersonTest" duration-ms="18633" started-at="2023-01-01T12:44:08Z" data-provider="getTestData" finished-at="2023-01-01T12:44:26Z">
          <params>
            <param index="0">
              <value>
                <![CDATA[Bhawna]]>
              </value>
            </param>
            <param index="1">
              <value>
                <![CDATA[bhawna@gmail.com]]>
              </value>
            </param>
          </params>
          <reporter-output>
          </reporter-output>
        </test-method> <!-- verifyAddPersonTest -->
        <test-method status="PASS" signature="name()[pri:0, instance:com.qa.trcrm.tests.ContactsPageTest@c677d7e]" name="name" is-config="true" duration-ms="1830" started-at="2023-01-01T12:44:27Z" finished-at="2023-01-01T12:44:28Z">
          <reporter-output>
          </reporter-output>
        </test-method> <!-- name -->
        <test-method status="PASS" signature="setUp()[pri:0, instance:com.qa.trcrm.tests.ContactsPageTest@c677d7e]" name="setUp" is-config="true" duration-ms="58446" started-at="2023-01-01T12:44:28Z" finished-at="2023-01-01T12:45:27Z">
          <reporter-output>
          </reporter-output>
        </test-method> <!-- setUp -->
        <test-method status="PASS" signature="verifyAddPersonTest(java.lang.String, java.lang.String)[pri:2, instance:com.qa.trcrm.tests.ContactsPageTest@c677d7e]" name="verifyAddPersonTest" duration-ms="22142" started-at="2023-01-01T12:45:27Z" data-provider="getTestData" finished-at="2023-01-01T12:45:49Z">
          <params>
            <param index="0">
              <value>
                <![CDATA[Deepak]]>
              </value>
            </param>
            <param index="1">
              <value>
                <![CDATA[deepak@gmail.com]]>
              </value>
            </param>
          </params>
          <reporter-output>
          </reporter-output>
        </test-method> <!-- verifyAddPersonTest -->
        <test-method status="PASS" signature="name()[pri:0, instance:com.qa.trcrm.tests.ContactsPageTest@c677d7e]" name="name" is-config="true" duration-ms="2557" started-at="2023-01-01T12:45:49Z" finished-at="2023-01-01T12:45:52Z">
          <reporter-output>
          </reporter-output>
        </test-method> <!-- name -->
      </class> <!-- com.qa.trcrm.tests.ContactsPageTest -->
    </test> <!-- Contacts Page Test -->
  </suite> <!-- trcrm app-Regression suite -->
</testng-results>
